2026-03-28 19:14:54 - Starting C:\Program Files\nodejs\node.exe  C:\Users\diana\goto_url_shortener\node_modules\node-windows\lib\wrapper.js --file C:\Users\diana\goto_url_shortener\server.js --scriptoptions= --log "goto-app wrapper" --grow 0.25 --wait 1 --maxrestarts 3 --abortonerror n --stopparentfirst undefined
2026-03-28 19:14:54 - Started 16156
2026-03-28 19:48:10 - Stopping gotoapp.exe
2026-03-28 19:48:10 - ProcessKill 16156
2026-03-28 19:48:11 - Found child process: 10820 Name: conhost.exe
2026-03-28 19:48:11 - Found child process: 21856 Name: node.exe
2026-03-28 19:48:11 - Stopping process 10820
2026-03-28 19:48:11 - Send SIGINT 10820
2026-03-28 19:48:11 - SIGINT to 10820 failed - Killing as fallback
2026-03-28 19:48:11 - Stopping process 21856
2026-03-28 19:48:11 - Send SIGINT 21856
2026-03-28 19:48:11 - SIGINT to 21856 failed - Killing as fallback
2026-03-28 19:48:11 - Stopping process 16156
2026-03-28 19:48:11 - Send SIGINT 16156
2026-03-28 19:48:11 - SIGINT to 16156 failed - Killing as fallback
2026-03-28 19:48:11 - Finished gotoapp.exe
2026-03-28 19:48:22 - Starting C:\Program Files\nodejs\node.exe  C:\Users\diana\goto_url_shortener\node_modules\node-windows\lib\wrapper.js --file C:\Users\diana\goto_url_shortener\server.js --scriptoptions= --log "goto-app wrapper" --grow 0.25 --wait 1 --maxrestarts 3 --abortonerror n --stopparentfirst undefined
2026-03-28 19:48:22 - Started 14784
2026-03-28 20:06:12 - Stopping gotoapp.exe
2026-03-28 20:06:12 - ProcessKill 14784
2026-03-28 20:06:12 - Found child process: 9336 Name: conhost.exe
2026-03-28 20:06:12 - Found child process: 10792 Name: node.exe
2026-03-28 20:06:12 - Stopping process 9336
2026-03-28 20:06:12 - Send SIGINT 9336
2026-03-28 20:06:12 - SIGINT to 9336 failed - Killing as fallback
2026-03-28 20:06:12 - Stopping process 10792
2026-03-28 20:06:12 - Send SIGINT 10792
2026-03-28 20:06:12 - SIGINT to 10792 failed - Killing as fallback
2026-03-28 20:06:12 - Stopping process 14784
2026-03-28 20:06:12 - Send SIGINT 14784
2026-03-28 20:06:12 - SIGINT to 14784 failed - Killing as fallback
2026-03-28 20:06:12 - Finished gotoapp.exe
2026-03-28 20:06:17 - Starting C:\Program Files\nodejs\node.exe  C:\Users\diana\goto_url_shortener\node_modules\node-windows\lib\wrapper.js --file C:\Users\diana\goto_url_shortener\server.js --scriptoptions= --log "goto-app wrapper" --grow 0.25 --wait 1 --maxrestarts 3 --abortonerror n --stopparentfirst undefined
2026-03-28 20:06:18 - Started 4596
2026-03-28 20:07:42 - Stopping gotoapp.exe
2026-03-28 20:07:42 - ProcessKill 4596
2026-03-28 20:07:42 - Found child process: 7416 Name: conhost.exe
2026-03-28 20:07:42 - Found child process: 22676 Name: node.exe
2026-03-28 20:07:42 - Stopping process 7416
2026-03-28 20:07:42 - Send SIGINT 7416
2026-03-28 20:07:42 - SIGINT to 7416 failed - Killing as fallback
2026-03-28 20:07:42 - Stopping process 22676
2026-03-28 20:07:42 - Send SIGINT 22676
2026-03-28 20:07:42 - SIGINT to 22676 failed - Killing as fallback
2026-03-28 20:07:42 - Stopping process 4596
2026-03-28 20:07:42 - Send SIGINT 4596
2026-03-28 20:07:42 - SIGINT to 4596 failed - Killing as fallback
2026-03-28 20:07:42 - Finished gotoapp.exe
2026-03-28 20:07:47 - Starting C:\Program Files\nodejs\node.exe  C:\Users\diana\goto_url_shortener\node_modules\node-windows\lib\wrapper.js --file C:\Users\diana\goto_url_shortener\server.js --scriptoptions= --log "goto-app wrapper" --grow 0.25 --wait 1 --maxrestarts 3 --abortonerror n --stopparentfirst undefined
2026-03-28 20:07:47 - Started 3324
2026-03-28 20:08:55 - Stopping gotoapp.exe
2026-03-28 20:08:55 - ProcessKill 3324
2026-03-28 20:08:55 - Found child process: 14724 Name: conhost.exe
2026-03-28 20:08:55 - Found child process: 19664 Name: node.exe
2026-03-28 20:08:55 - Stopping process 14724
2026-03-28 20:08:55 - Send SIGINT 14724
2026-03-28 20:08:55 - SIGINT to 14724 failed - Killing as fallback
2026-03-28 20:08:55 - Stopping process 19664
2026-03-28 20:08:55 - Send SIGINT 19664
2026-03-28 20:08:55 - SIGINT to 19664 failed - Killing as fallback
2026-03-28 20:08:55 - Stopping process 3324
2026-03-28 20:08:55 - Send SIGINT 3324
2026-03-28 20:08:55 - SIGINT to 3324 failed - Killing as fallback
2026-03-28 20:08:55 - Finished gotoapp.exe
2026-03-28 20:09:01 - Starting C:\Program Files\nodejs\node.exe  C:\Users\diana\goto_url_shortener\node_modules\node-windows\lib\wrapper.js --file C:\Users\diana\goto_url_shortener\server.js --scriptoptions= --log "goto-app wrapper" --grow 0.25 --wait 1 --maxrestarts 3 --abortonerror n --stopparentfirst undefined
2026-03-28 20:09:01 - Started 23204
2026-03-28 20:12:15 - Stopping gotoapp.exe
2026-03-28 20:12:15 - ProcessKill 23204
2026-03-28 20:12:15 - Found child process: 7788 Name: conhost.exe
2026-03-28 20:12:15 - Found child process: 14296 Name: node.exe
2026-03-28 20:12:15 - Stopping process 7788
2026-03-28 20:12:15 - Send SIGINT 7788
2026-03-28 20:12:15 - SIGINT to 7788 failed - Killing as fallback
2026-03-28 20:12:15 - Stopping process 14296
2026-03-28 20:12:15 - Send SIGINT 14296
2026-03-28 20:12:15 - SIGINT to 14296 failed - Killing as fallback
2026-03-28 20:12:15 - Stopping process 23204
2026-03-28 20:12:15 - Send SIGINT 23204
2026-03-28 20:12:15 - SIGINT to 23204 failed - Killing as fallback
2026-03-28 20:12:15 - Finished gotoapp.exe
2026-03-28 20:12:19 - Starting C:\Program Files\nodejs\node.exe  C:\Users\diana\goto_url_shortener\node_modules\node-windows\lib\wrapper.js --file C:\Users\diana\goto_url_shortener\server.js --scriptoptions= --log "goto-app wrapper" --grow 0.25 --wait 1 --maxrestarts 3 --abortonerror n --stopparentfirst undefined
2026-03-28 20:12:19 - Started 11968
2026-03-28 20:17:02 - Stopping gotoapp.exe
2026-03-28 20:17:02 - ProcessKill 11968
2026-03-28 20:17:03 - Found child process: 19932 Name: conhost.exe
2026-03-28 20:17:03 - Found child process: 9236 Name: node.exe
2026-03-28 20:17:03 - Stopping process 19932
2026-03-28 20:17:03 - Send SIGINT 19932
2026-03-28 20:17:03 - SIGINT to 19932 failed - Killing as fallback
2026-03-28 20:17:03 - Stopping process 9236
2026-03-28 20:17:03 - Send SIGINT 9236
2026-03-28 20:17:03 - SIGINT to 9236 failed - Killing as fallback
2026-03-28 20:17:03 - Stopping process 11968
2026-03-28 20:17:03 - Send SIGINT 11968
2026-03-28 20:17:03 - SIGINT to 11968 failed - Killing as fallback
2026-03-28 20:17:03 - Finished gotoapp.exe
2026-03-28 20:17:09 - Starting C:\Program Files\nodejs\node.exe  C:\Users\diana\goto_url_shortener\node_modules\node-windows\lib\wrapper.js --file C:\Users\diana\goto_url_shortener\server.js --scriptoptions= --log "goto-app wrapper" --grow 0.25 --wait 1 --maxrestarts 3 --abortonerror n --stopparentfirst undefined
2026-03-28 20:17:09 - Started 23084
